Backtesting /Users/kinshu/Desktop/spacepirate/prosperity-3/round1/ink_trader.py on round 1 day -2
SELLTRIGGER
SELLTRIGGER
SELLTRIGGER
SELLTRIGGER
SELLTRIGGER
SELLTRIGGER
SELLTRIGGER
SELLTRIGGER
SELLTRIGGER
SELLTRIGGER
SELLTRIGGER
SELLTRIGGER
SELLTRIGGER
SELLTRIGGER
SELLTRIGGER
SELLTRIGGER
SELLTRIGGER
SELLTRIGGER
SELLTRIGGER
SELLTRIGGER
SELLTRIGGER
SELLTRIGGER
SELLTRIGGER
SELLTRIGGER
SELLTRIGGER
SELLTRIGGER
SELLTRIGGER
SELLTRIGGER
SELLTRIGGER
SELLTRIGGER
SELLTRIGGER
SELLTRIGGER
SELLTRIGGER
SELLTRIGGER
SELLTRIGGER
SELLTRIGGER
SELLTRIGGER
SELLTRIGGER
SELLTRIGGER
SELLTRIGGER
SELLTRIGGER
KELP: 0
RAINFOREST_RESIN: 0
SQUID_INK: 4,273
Total profit: 4,273

Backtesting /Users/kinshu/Desktop/spacepirate/prosperity-3/round1/ink_trader.py on round 1 day -1
BUYTRIGGER
KELP: 0
RAINFOREST_RESIN: 0
SQUID_INK: 3,450
Total profit: 3,450

Backtesting /Users/kinshu/Desktop/spacepirate/prosperity-3/round1/ink_trader.py on round 1 day 0
KELP: 0
RAINFOREST_RESIN: 0
SQUID_INK: 0
Total profit: 0

Profit summary:
Round 1 day -2: 4,273
Round 1 day -1: 3,450
Round 1 day 0: 0
Total profit: 7,723

Successfully saved backtest results to backtests/2025-04-10_03-07-06.log
